# JRE version: Java(TM) SE Runtime Environment (8.0_231-b11) (build 1.8.0_231-b11)
# Java VM: Java HotSpot(TM) 64-Bit Server VM (25.231-b11 mixed mode linux-amd64 compressed oops)
Heap:
 PSYoungGen      total 68608K, used 38676K [0x000000076d500000, 0x0000000772a80000, 0x00000007c0000000)
  eden space 50688K, 59% used [0x000000076d500000,0x000000076f2ad820,0x0000000770680000)
  from space 17920K, 46% used [0x0000000771900000,0x0000000772117ba0,0x0000000772a80000)
  to   space 18432K, 0% used [0x0000000770680000,0x0000000770680000,0x0000000771880000)
 ParOldGen       total 122880K, used 28432K [0x00000006c7e00000, 0x00000006cf600000, 0x000000076d500000)
  object space 122880K, 23% used [0x00000006c7e00000,0x00000006c99c4288,0x00000006cf600000)
 Metaspace       used 31165K, capacity 32042K, committed 32384K, reserved 1077248K
  class space    used 3528K, capacity 3841K, committed 3968K, reserved 1048576K
GC Heap History (10 events):
Event: 934.743 GC heap before
{Heap before GC invocations=21 (full 1):
 PSYoungGen      total 64512K, used 64099K [0x000000076d500000, 0x0000000772e00000, 0x00000007c0000000)
  eden space 53248K, 100% used [0x000000076d500000,0x0000000770900000,0x0000000770900000)
  from space 11264K, 96% used [0x0000000770980000,0x0000000771418c00,0x0000000771480000)
  to   space 18944K, 0% used [0x0000000771b80000,0x0000000771b80000,0x0000000772e00000)
 ParOldGen       total 122880K, used 27117K [0x00000006c7e00000, 0x00000006cf600000, 0x000000076d500000)
  object space 122880K, 22% used [0x00000006c7e00000,0x00000006c987b688,0x00000006cf600000)
 Metaspace       used 31140K, capacity 31978K, committed 32384K, reserved 1077248K
  class space    used 3528K, capacity 3841K, committed 3968K, reserved 1048576K
Event: 934.762 GC heap after
Heap after GC invocations=21 (full 1):
 PSYoungGen      total 70144K, used 12552K [0x000000076d500000, 0x0000000772c80000, 0x00000007c0000000)
  eden space 52736K, 0% used [0x000000076d500000,0x000000076d500000,0x0000000770880000)
  from space 17408K, 72% used [0x0000000771b80000,0x00000007727c2250,0x0000000772c80000)
  to   space 18432K, 0% used [0x0000000770880000,0x0000000770880000,0x0000000771a80000)
 ParOldGen       total 122880K, used 28016K [0x00000006c7e00000, 0x00000006cf600000, 0x000000076d500000)
  object space 122880K, 22% used [0x00000006c7e00000,0x00000006c995c288,0x00000006cf600000)
 Metaspace       used 31140K, capacity 31978K, committed 32384K, reserved 1077248K
  class space    used 3528K, capacity 3841K, committed 3968K, reserved 1048576K
}
Event: 948.854 GC heap before
{Heap before GC invocations=22 (full 1):
 PSYoungGen      total 70144K, used 65288K [0x000000076d500000, 0x0000000772c80000, 0x00000007c0000000)
  eden space 52736K, 100% used [0x000000076d500000,0x0000000770880000,0x0000000770880000)
  from space 17408K, 72% used [0x0000000771b80000,0x00000007727c2250,0x0000000772c80000)
  to   space 18432K, 0% used [0x0000000770880000,0x0000000770880000,0x0000000771a80000)
 ParOldGen       total 122880K, used 28016K [0x00000006c7e00000, 0x00000006cf600000, 0x000000076d500000)
  object space 122880K, 22% used [0x00000006c7e00000,0x00000006c995c288,0x00000006cf600000)
 Metaspace       used 31145K, capacity 32042K, committed 32384K, reserved 1077248K
  class space    used 3528K, capacity 3841K, committed 3968K, reserved 1048576K
Event: 948.872 GC heap after
Heap after GC invocations=22 (full 1):
 PSYoungGen      total 70656K, used 14134K [0x000000076d500000, 0x0000000772d00000, 0x00000007c0000000)
  eden space 52224K, 0% used [0x000000076d500000,0x000000076d500000,0x0000000770800000)
  from space 18432K, 76% used [0x0000000770880000,0x000000077164daa0,0x0000000771a80000)
  to   space 18944K, 0% used [0x0000000771a80000,0x0000000771a80000,0x0000000772d00000)
 ParOldGen       total 122880K, used 28168K [0x00000006c7e00000, 0x00000006cf600000, 0x000000076d500000)
  object space 122880K, 22% used [0x00000006c7e00000,0x00000006c9982288,0x00000006cf600000)
 Metaspace       used 31145K, capacity 32042K, committed 32384K, reserved 1077248K
  class space    used 3528K, capacity 3841K, committed 3968K, reserved 1048576K
}
Event: 963.346 GC heap before
{Heap before GC invocations=23 (full 1):
 PSYoungGen      total 70656K, used 66358K [0x000000076d500000, 0x0000000772d00000, 0x00000007c0000000)
  eden space 52224K, 100% used [0x000000076d500000,0x0000000770800000,0x0000000770800000)
  from space 18432K, 76% used [0x0000000770880000,0x000000077164daa0,0x0000000771a80000)
  to   space 18944K, 0% used [0x0000000771a80000,0x0000000771a80000,0x0000000772d00000)
 ParOldGen       total 122880K, used 28168K [0x00000006c7e00000, 0x00000006cf600000, 0x000000076d500000)
  object space 122880K, 22% used [0x00000006c7e00000,0x00000006c9982288,0x00000006cf600000)
 Metaspace       used 31164K, capacity 32042K, committed 32384K, reserved 1077248K
  class space    used 3528K, capacity 3841K, committed 3968K, reserved 1048576K
Event: 963.363 GC heap after
Heap after GC invocations=23 (full 1):
 PSYoungGen      total 70144K, used 13379K [0x000000076d500000, 0x0000000772c80000, 0x00000007c0000000)
  eden space 51712K, 0% used [0x000000076d500000,0x000000076d500000,0x0000000770780000)
  from space 18432K, 72% used [0x0000000771a80000,0x0000000772790ee0,0x0000000772c80000)
  to   space 18944K, 0% used [0x0000000770780000,0x0000000770780000,0x0000000771a00000)
 ParOldGen       total 122880K, used 28272K [0x00000006c7e00000, 0x00000006cf600000, 0x000000076d500000)
  object space 122880K, 23% used [0x00000006c7e00000,0x00000006c999c288,0x00000006cf600000)
 Metaspace       used 31164K, capacity 32042K, committed 32384K, reserved 1077248K
  class space    used 3528K, capacity 3841K, committed 3968K, reserved 1048576K
}
Event: 997.146 GC heap before
{Heap before GC invocations=24 (full 1):
 PSYoungGen      total 70144K, used 65080K [0x000000076d500000, 0x0000000772c80000, 0x00000007c0000000)
  eden space 51712K, 99% used [0x000000076d500000,0x000000077077d1b8,0x0000000770780000)
  from space 18432K, 72% used [0x0000000771a80000,0x0000000772790ee0,0x0000000772c80000)
  to   space 18944K, 0% used [0x0000000770780000,0x0000000770780000,0x0000000771a00000)
 ParOldGen       total 122880K, used 28272K [0x00000006c7e00000, 0x00000006cf600000, 0x000000076d500000)
  object space 122880K, 23% used [0x00000006c7e00000,0x00000006c999c288,0x00000006cf600000)
 Metaspace       used 31164K, capacity 32042K, committed 32384K, reserved 1077248K
  class space    used 3528K, capacity 3841K, committed 3968K, reserved 1048576K
Event: 997.165 GC heap after
Heap after GC invocations=24 (full 1):
 PSYoungGen      total 61952K, used 10695K [0x000000076d500000, 0x0000000772b00000, 0x00000007c0000000)
  eden space 51200K, 0% used [0x000000076d500000,0x000000076d500000,0x0000000770700000)
  from space 10752K, 99% used [0x0000000770780000,0x00000007711f1f40,0x0000000771200000)
  to   space 18432K, 0% used [0x0000000771900000,0x0000000771900000,0x0000000772b00000)
 ParOldGen       total 122880K, used 28400K [0x00000006c7e00000, 0x00000006cf600000, 0x000000076d500000)
  object space 122880K, 23% used [0x00000006c7e00000,0x00000006c99bc288,0x00000006cf600000)
 Metaspace       used 31164K, capacity 32042K, committed 32384K, reserved 1077248K
  class space    used 3528K, capacity 3841K, committed 3968K, reserved 1048576K
}
Event: 1026.340 GC heap before
{Heap before GC invocations=25 (full 1):
 PSYoungGen      total 61952K, used 61893K [0x000000076d500000, 0x0000000772b00000, 0x00000007c0000000)
  eden space 51200K, 99% used [0x000000076d500000,0x00000007706ff588,0x0000000770700000)
  from space 10752K, 99% used [0x0000000770780000,0x00000007711f1f40,0x0000000771200000)
  to   space 18432K, 0% used [0x0000000771900000,0x0000000771900000,0x0000000772b00000)
 ParOldGen       total 122880K, used 28400K [0x00000006c7e00000, 0x00000006cf600000, 0x000000076d500000)
  object space 122880K, 23% used [0x00000006c7e00000,0x00000006c99bc288,0x00000006cf600000)
 Metaspace       used 31164K, capacity 32042K, committed 32384K, reserved 1077248K
  class space    used 3528K, capacity 3841K, committed 3968K, reserved 1048576K
Event: 1026.354 GC heap after
Heap after GC invocations=25 (full 1):
 PSYoungGen      total 68608K, used 8286K [0x000000076d500000, 0x0000000772a80000, 0x00000007c0000000)
  eden space 50688K, 0% used [0x000000076d500000,0x000000076d500000,0x0000000770680000)
  from space 17920K, 46% used [0x0000000771900000,0x0000000772117ba0,0x0000000772a80000)
  to   space 18432K, 0% used [0x0000000770680000,0x0000000770680000,0x0000000771880000)
 ParOldGen       total 122880K, used 28432K [0x00000006c7e00000, 0x00000006cf600000, 0x000000076d500000)
  object space 122880K, 23% used [0x00000006c7e00000,0x00000006c99c4288,0x00000006cf600000)
 Metaspace       used 31164K, capacity 32042K, committed 32384K, reserved 1077248K
  class space    used 3528K, capacity 3841K, committed 3968K, reserved 1048576K
}

