# JRE version: Java(TM) SE Runtime Environment (8.0_231-b11) (build 1.8.0_231-b11)
# Java VM: Java HotSpot(TM) 64-Bit Server VM (25.231-b11 mixed mode linux-amd64 compressed oops)
Heap:
 PSYoungGen      total 137728K, used 40928K [0x000000076d500000, 0x0000000777280000, 0x00000007c0000000)
  eden space 117760K, 26% used [0x000000076d500000,0x000000076f351c48,0x0000000774800000)
  from space 19968K, 49% used [0x0000000775b00000,0x00000007764a6788,0x0000000776e80000)
  to   space 19456K, 0% used [0x0000000774800000,0x0000000774800000,0x0000000775b00000)
 ParOldGen       total 224256K, used 27115K [0x00000006c7e00000, 0x00000006d5900000, 0x000000076d500000)
  object space 224256K, 12% used [0x00000006c7e00000,0x00000006c987ae10,0x00000006d5900000)
 Metaspace       used 34992K, capacity 35958K, committed 36352K, reserved 1081344K
  class space    used 4175K, capacity 4493K, committed 4608K, reserved 1048576K
GC Heap History (10 events):
Event: 21.041 GC heap before
{Heap before GC invocations=8 (full 1):
 PSYoungGen      total 99840K, used 99805K [0x000000076d500000, 0x0000000776180000, 0x00000007c0000000)
  eden space 83456K, 99% used [0x000000076d500000,0x000000077267dc90,0x0000000772680000)
  from space 16384K, 99% used [0x0000000773c00000,0x0000000774bf9ab0,0x0000000774c00000)
  to   space 22016K, 0% used [0x0000000772680000,0x0000000772680000,0x0000000773c00000)
 ParOldGen       total 129024K, used 21623K [0x00000006c7e00000, 0x00000006cfc00000, 0x000000076d500000)
  object space 129024K, 16% used [0x00000006c7e00000,0x00000006c931dd58,0x00000006cfc00000)
 Metaspace       used 34208K, capacity 35142K, committed 35456K, reserved 1081344K
  class space    used 4123K, capacity 4421K, committed 4480K, reserved 1048576K
Event: 21.171 GC heap after
Heap after GC invocations=8 (full 1):
 PSYoungGen      total 105472K, used 11677K [0x000000076d500000, 0x0000000776680000, 0x00000007c0000000)
  eden space 83456K, 0% used [0x000000076d500000,0x000000076d500000,0x0000000772680000)
  from space 22016K, 53% used [0x0000000772680000,0x00000007731e76e0,0x0000000773c00000)
  to   space 20480K, 0% used [0x0000000775280000,0x0000000775280000,0x0000000776680000)
 ParOldGen       total 129024K, used 21631K [0x00000006c7e00000, 0x00000006cfc00000, 0x000000076d500000)
  object space 129024K, 16% used [0x00000006c7e00000,0x00000006c931fd58,0x00000006cfc00000)
 Metaspace       used 34208K, capacity 35142K, committed 35456K, reserved 1081344K
  class space    used 4123K, capacity 4421K, committed 4480K, reserved 1048576K
}
Event: 70.878 GC heap before
{Heap before GC invocations=9 (full 1):
 PSYoungGen      total 105472K, used 95133K [0x000000076d500000, 0x0000000776680000, 0x00000007c0000000)
  eden space 83456K, 100% used [0x000000076d500000,0x0000000772680000,0x0000000772680000)
  from space 22016K, 53% used [0x0000000772680000,0x00000007731e76e0,0x0000000773c00000)
  to   space 20480K, 0% used [0x0000000775280000,0x0000000775280000,0x0000000776680000)
 ParOldGen       total 129024K, used 21631K [0x00000006c7e00000, 0x00000006cfc00000, 0x000000076d500000)
  object space 129024K, 16% used [0x00000006c7e00000,0x00000006c931fd58,0x00000006cfc00000)
 Metaspace       used 34245K, capacity 35206K, committed 35456K, reserved 1081344K
  class space    used 4123K, capacity 4421K, committed 4480K, reserved 1048576K
Event: 70.920 GC heap after
Heap after GC invocations=9 (full 1):
 PSYoungGen      total 119296K, used 10942K [0x000000076d500000, 0x0000000776180000, 0x00000007c0000000)
  eden space 103936K, 0% used [0x000000076d500000,0x000000076d500000,0x0000000773a80000)
  from space 15360K, 71% used [0x0000000775280000,0x0000000775d2fb10,0x0000000776180000)
  to   space 19968K, 0% used [0x0000000773a80000,0x0000000773a80000,0x0000000774e00000)
 ParOldGen       total 129024K, used 21639K [0x00000006c7e00000, 0x00000006cfc00000, 0x000000076d500000)
  object space 129024K, 16% used [0x00000006c7e00000,0x00000006c9321d58,0x00000006cfc00000)
 Metaspace       used 34245K, capacity 35206K, committed 35456K, reserved 1081344K
  class space    used 4123K, capacity 4421K, committed 4480K, reserved 1048576K
}
Event: 72.626 GC heap before
{Heap before GC invocations=10 (full 1):
 PSYoungGen      total 119296K, used 40718K [0x000000076d500000, 0x0000000776180000, 0x00000007c0000000)
  eden space 103936K, 28% used [0x000000076d500000,0x000000076f213d48,0x0000000773a80000)
  from space 15360K, 71% used [0x0000000775280000,0x0000000775d2fb10,0x0000000776180000)
  to   space 19968K, 0% used [0x0000000773a80000,0x0000000773a80000,0x0000000774e00000)
 ParOldGen       total 129024K, used 21639K [0x00000006c7e00000, 0x00000006cfc00000, 0x000000076d500000)
  object space 129024K, 16% used [0x00000006c7e00000,0x00000006c9321d58,0x00000006cfc00000)
 Metaspace       used 34446K, capacity 35346K, committed 35456K, reserved 1081344K
  class space    used 4129K, capacity 4423K, committed 4480K, reserved 1048576K
Event: 72.637 GC heap after
Heap after GC invocations=10 (full 1):
 PSYoungGen      total 123904K, used 13901K [0x000000076d500000, 0x0000000776e80000, 0x00000007c0000000)
  eden space 103936K, 0% used [0x000000076d500000,0x000000076d500000,0x0000000773a80000)
  from space 19968K, 69% used [0x0000000773a80000,0x00000007748136f0,0x0000000774e00000)
  to   space 19968K, 0% used [0x0000000775b00000,0x0000000775b00000,0x0000000776e80000)
 ParOldGen       total 129024K, used 21647K [0x00000006c7e00000, 0x00000006cfc00000, 0x000000076d500000)
  object space 129024K, 16% used [0x00000006c7e00000,0x00000006c9323d58,0x00000006cfc00000)
 Metaspace       used 34446K, capacity 35346K, committed 35456K, reserved 1081344K
  class space    used 4129K, capacity 4423K, committed 4480K, reserved 1048576K
}
Event: 72.637 GC heap before
{Heap before GC invocations=11 (full 2):
 PSYoungGen      total 123904K, used 13901K [0x000000076d500000, 0x0000000776e80000, 0x00000007c0000000)
  eden space 103936K, 0% used [0x000000076d500000,0x000000076d500000,0x0000000773a80000)
  from space 19968K, 69% used [0x0000000773a80000,0x00000007748136f0,0x0000000774e00000)
  to   space 19968K, 0% used [0x0000000775b00000,0x0000000775b00000,0x0000000776e80000)
 ParOldGen       total 129024K, used 21647K [0x00000006c7e00000, 0x00000006cfc00000, 0x000000076d500000)
  object space 129024K, 16% used [0x00000006c7e00000,0x00000006c9323d58,0x00000006cfc00000)
 Metaspace       used 34446K, capacity 35346K, committed 35456K, reserved 1081344K
  class space    used 4129K, capacity 4423K, committed 4480K, reserved 1048576K
Event: 72.743 GC heap after
Heap after GC invocations=11 (full 2):
 PSYoungGen      total 123904K, used 0K [0x000000076d500000, 0x0000000776e80000, 0x00000007c0000000)
  eden space 103936K, 0% used [0x000000076d500000,0x000000076d500000,0x0000000773a80000)
  from space 19968K, 0% used [0x0000000773a80000,0x0000000773a80000,0x0000000774e00000)
  to   space 19968K, 0% used [0x0000000775b00000,0x0000000775b00000,0x0000000776e80000)
 ParOldGen       total 224256K, used 27107K [0x00000006c7e00000, 0x00000006d5900000, 0x000000076d500000)
  object space 224256K, 12% used [0x00000006c7e00000,0x00000006c9878e10,0x00000006d5900000)
 Metaspace       used 34446K, capacity 35346K, committed 35456K, reserved 1081344K
  class space    used 4129K, capacity 4423K, committed 4480K, reserved 1048576K
}
Event: 82.996 GC heap before
{Heap before GC invocations=12 (full 2):
 PSYoungGen      total 123904K, used 103936K [0x000000076d500000, 0x0000000776e80000, 0x00000007c0000000)
  eden space 103936K, 100% used [0x000000076d500000,0x0000000773a80000,0x0000000773a80000)
  from space 19968K, 0% used [0x0000000773a80000,0x0000000773a80000,0x0000000774e00000)
  to   space 19968K, 0% used [0x0000000775b00000,0x0000000775b00000,0x0000000776e80000)
 ParOldGen       total 224256K, used 27107K [0x00000006c7e00000, 0x00000006d5900000, 0x000000076d500000)
  object space 224256K, 12% used [0x00000006c7e00000,0x00000006c9878e10,0x00000006d5900000)
 Metaspace       used 34938K, capacity 35894K, committed 36096K, reserved 1081344K
  class space    used 4174K, capacity 4493K, committed 4608K, reserved 1048576K
Event: 83.018 GC heap after
Heap after GC invocations=12 (full 2):
 PSYoungGen      total 137728K, used 9881K [0x000000076d500000, 0x0000000777280000, 0x00000007c0000000)
  eden space 117760K, 0% used [0x000000076d500000,0x000000076d500000,0x0000000774800000)
  from space 19968K, 49% used [0x0000000775b00000,0x00000007764a6788,0x0000000776e80000)
  to   space 19456K, 0% used [0x0000000774800000,0x0000000774800000,0x0000000775b00000)
 ParOldGen       total 224256K, used 27115K [0x00000006c7e00000, 0x00000006d5900000, 0x000000076d500000)
  object space 224256K, 12% used [0x00000006c7e00000,0x00000006c987ae10,0x00000006d5900000)
 Metaspace       used 34938K, capacity 35894K, committed 36096K, reserved 1081344K
  class space    used 4174K, capacity 4493K, committed 4608K, reserved 1048576K
}

